Performing C SOURCE FILE Test CMAKE_HAVE_LIBC_PTHREAD failed with the following output:
Change Dir: C:/Users/bukov/OneDrive/Рабочий стол/OpenGL/build/CMakeFiles/CMakeScratch/TryCompile-i2495f

Run Build Command(s):C:/Program Files/Microsoft Visual Studio/2022/Community/MSBuild/Current/Bin/amd64/MSBuild.exe cmTC_9852c.vcxproj /p:Configuration=Debug /p:Platform=x64 /p:VisualStudioVersion=17.0 /v:m && MSBuild version 17.3.1+2badb37d1 for .NET Framework
  Оптимизирующий компилятор Microsoft (R) C/C++ версии 19.33.31630 для x64
  (C) Корпорация Майкрософт (Microsoft Corporation).  Все права защищены.
  src.c
  cl /c /Zi /W3 /WX- /diagnostics:column /Od /Ob0 /D _MBCS /D WIN32 /D _WINDOWS /D CMAKE_HAVE_LIBC_PTHREAD /D "CMAKE_INTDIR=\"Debug\"" /Gm- /RTC1 /MDd /GS /fp:precise /Zc:wchar_t /Zc:forScope /Zc:inline /Fo"cmTC_9852c.dir\Debug\\" /Fd"cmTC_9852c.dir\Debug\vc143.pdb" /external:W3 /Gd /TC /errorReport:queue "C:\Users\bukov\OneDrive\Рабочий стол\OpenGL\build\CMakeFiles\CMakeScratch\TryCompile-i2495f\src.c"
C:\Users\bukov\OneDrive\Рабочий стол\OpenGL\build\CMakeFiles\CMakeScratch\TryCompile-i2495f\src.c(1,10): fatal  error C1083: Не удается открыть файл включение: pthread.h: No such file or directory, [C:\Users\bukov\OneDrive\Рабочий стол\OpenGL\build\CMakeFiles\CMakeScratch\TryCompile-i2495f\cmTC_9852c.vcxproj]


Source file was:
#include <pthread.h>

static void* test_func(void* data)
{
  return data;
}

int main(void)
{
  pthread_t thread;
  pthread_create(&thread, NULL, test_func, NULL);
  pthread_detach(thread);
  pthread_cancel(thread);
  pthread_join(thread, NULL);
  pthread_atfork(NULL, NULL, NULL);
  pthread_exit(NULL);

  return 0;
}


Determining if the function pthread_create exists in the pthreads failed with the following output:
Change Dir: C:/Users/bukov/OneDrive/Рабочий стол/OpenGL/build/CMakeFiles/CMakeScratch/TryCompile-dwwk09

Run Build Command(s):C:/Program Files/Microsoft Visual Studio/2022/Community/MSBuild/Current/Bin/amd64/MSBuild.exe cmTC_22cea.vcxproj /p:Configuration=Debug /p:Platform=x64 /p:VisualStudioVersion=17.0 /v:m && MSBuild version 17.3.1+2badb37d1 for .NET Framework
  Оптимизирующий компилятор Microsoft (R) C/C++ версии 19.33.31630 для x64
  CheckFunctionExists.c
  (C) Корпорация Майкрософт (Microsoft Corporation).  Все права защищены.
  cl /c /Zi /W3 /WX- /diagnostics:column /Od /Ob0 /D _MBCS /D WIN32 /D _WINDOWS /D CHECK_FUNCTION_EXISTS=pthread_create /D "CMAKE_INTDIR=\"Debug\"" /Gm- /RTC1 /MDd /GS /fp:precise /Zc:wchar_t /Zc:forScope /Zc:inline /Fo"cmTC_22cea.dir\Debug\\" /Fd"cmTC_22cea.dir\Debug\vc143.pdb" /external:W3 /Gd /TC /errorReport:queue "C:\Users\bukov\OneDrive\Рабочий стол\OpenGL\build\CMakeFiles\CMakeScratch\TryCompile-dwwk09\CheckFunctionExists.c"
LINK : fatal error LNK1104: не удается открыть файл "pthreads.lib" [C:\Users\bukov\OneDrive\Рабочий стол\OpenGL\build\CMakeFiles\CMakeScratch\TryCompile-dwwk09\cmTC_22cea.vcxproj]



Determining if the function pthread_create exists in the pthread failed with the following output:
Change Dir: C:/Users/bukov/OneDrive/Рабочий стол/OpenGL/build/CMakeFiles/CMakeScratch/TryCompile-15fxuk

Run Build Command(s):C:/Program Files/Microsoft Visual Studio/2022/Community/MSBuild/Current/Bin/amd64/MSBuild.exe cmTC_9edb2.vcxproj /p:Configuration=Debug /p:Platform=x64 /p:VisualStudioVersion=17.0 /v:m && MSBuild version 17.3.1+2badb37d1 for .NET Framework
  Оптимизирующий компилятор Microsoft (R) C/C++ версии 19.33.31630 для x64
  CheckFunctionExists.c
  (C) Корпорация Майкрософт (Microsoft Corporation).  Все права защищены.
  cl /c /Zi /W3 /WX- /diagnostics:column /Od /Ob0 /D _MBCS /D WIN32 /D _WINDOWS /D CHECK_FUNCTION_EXISTS=pthread_create /D "CMAKE_INTDIR=\"Debug\"" /Gm- /RTC1 /MDd /GS /fp:precise /Zc:wchar_t /Zc:forScope /Zc:inline /Fo"cmTC_9edb2.dir\Debug\\" /Fd"cmTC_9edb2.dir\Debug\vc143.pdb" /external:W3 /Gd /TC /errorReport:queue "C:\Users\bukov\OneDrive\Рабочий стол\OpenGL\build\CMakeFiles\CMakeScratch\TryCompile-15fxuk\CheckFunctionExists.c"
LINK : fatal error LNK1104: не удается открыть файл "pthread.lib" [C:\Users\bukov\OneDrive\Рабочий стол\OpenGL\build\CMakeFiles\CMakeScratch\TryCompile-15fxuk\cmTC_9edb2.vcxproj]



